# JRE version: Java(TM) SE Runtime Environment (8.0_66-b17) (build 1.8.0_66-b17)
# Java VM: Java HotSpot(TM) 64-Bit Server VM (25.66-b17 mixed mode bsd-amd64 compressed oops)
Heap:
 PSYoungGen      total 32256K, used 583K [0x000000076ab00000, 0x000000076ce80000, 0x00000007c0000000)
  eden space 28160K, 2% used [0x000000076ab00000,0x000000076ab91f38,0x000000076c680000)
  from space 4096K, 0% used [0x000000076c680000,0x000000076c680000,0x000000076ca80000)
  to   space 4096K, 0% used [0x000000076ca80000,0x000000076ca80000,0x000000076ce80000)
 ParOldGen       total 170496K, used 106368K [0x00000006c0000000, 0x00000006ca680000, 0x000000076ab00000)
  object space 170496K, 62% used [0x00000006c0000000,0x00000006c67e00d0,0x00000006ca680000)
 Metaspace       used 18697K, capacity 18984K, committed 19456K, reserved 1067008K
  class space    used 2078K, capacity 2174K, committed 2304K, reserved 1048576K
GC Heap History (10 events):
Event: 150513.585 GC heap before
{Heap before GC invocations=1030 (full 0):
 PSYoungGen      total 32256K, used 31604K [0x000000076ab00000, 0x000000076ce80000, 0x00000007c0000000)
  eden space 28160K, 100% used [0x000000076ab00000,0x000000076c680000,0x000000076c680000)
  from space 4096K, 84% used [0x000000076c680000,0x000000076c9dd230,0x000000076ca80000)
  to   space 4096K, 0% used [0x000000076ca80000,0x000000076ca80000,0x000000076ce80000)
 ParOldGen       total 175104K, used 174398K [0x00000006c0000000, 0x00000006cab00000, 0x000000076ab00000)
  object space 175104K, 99% used [0x00000006c0000000,0x00000006caa4fa08,0x00000006cab00000)
 Metaspace       used 18727K, capacity 19032K, committed 19456K, reserved 1067008K
  class space    used 2084K, capacity 2186K, committed 2304K, reserved 1048576K
Event: 150513.590 GC heap after
Heap after GC invocations=1030 (full 0):
 PSYoungGen      total 32256K, used 3687K [0x000000076ab00000, 0x000000076ce80000, 0x00000007c0000000)
  eden space 28160K, 0% used [0x000000076ab00000,0x000000076ab00000,0x000000076c680000)
  from space 4096K, 90% used [0x000000076ca80000,0x000000076ce19d40,0x000000076ce80000)
  to   space 4096K, 0% used [0x000000076c680000,0x000000076c680000,0x000000076ca80000)
 ParOldGen       total 175104K, used 174543K [0x00000006c0000000, 0x00000006cab00000, 0x000000076ab00000)
  object space 175104K, 99% used [0x00000006c0000000,0x00000006caa73ec8,0x00000006cab00000)
 Metaspace       used 18727K, capacity 19032K, committed 19456K, reserved 1067008K
  class space    used 2084K, capacity 2186K, committed 2304K, reserved 1048576K
}
Event: 150720.413 GC heap before
{Heap before GC invocations=1031 (full 0):
 PSYoungGen      total 32256K, used 31847K [0x000000076ab00000, 0x000000076ce80000, 0x00000007c0000000)
  eden space 28160K, 100% used [0x000000076ab00000,0x000000076c680000,0x000000076c680000)
  from space 4096K, 90% used [0x000000076ca80000,0x000000076ce19d40,0x000000076ce80000)
  to   space 4096K, 0% used [0x000000076c680000,0x000000076c680000,0x000000076ca80000)
 ParOldGen       total 175104K, used 174543K [0x00000006c0000000, 0x00000006cab00000, 0x000000076ab00000)
  object space 175104K, 99% used [0x00000006c0000000,0x00000006caa73ec8,0x00000006cab00000)
 Metaspace       used 18727K, capacity 19032K, committed 19456K, reserved 1067008K
  class space    used 2084K, capacity 2186K, committed 2304K, reserved 1048576K
Event: 150720.418 GC heap after
Heap after GC invocations=1031 (full 0):
 PSYoungGen      total 32256K, used 3650K [0x000000076ab00000, 0x000000076ce80000, 0x00000007c0000000)
  eden space 28160K, 0% used [0x000000076ab00000,0x000000076ab00000,0x000000076c680000)
  from space 4096K, 89% used [0x000000076c680000,0x000000076ca10b40,0x000000076ca80000)
  to   space 4096K, 0% used [0x000000076ca80000,0x000000076ca80000,0x000000076ce80000)
 ParOldGen       total 175104K, used 174705K [0x00000006c0000000, 0x00000006cab00000, 0x000000076ab00000)
  object space 175104K, 99% used [0x00000006c0000000,0x00000006caa9c7c8,0x00000006cab00000)
 Metaspace       used 18727K, capacity 19032K, committed 19456K, reserved 1067008K
  class space    used 2084K, capacity 2186K, committed 2304K, reserved 1048576K
}
Event: 150911.999 GC heap before
{Heap before GC invocations=1032 (full 0):
 PSYoungGen      total 32256K, used 31810K [0x000000076ab00000, 0x000000076ce80000, 0x00000007c0000000)
  eden space 28160K, 100% used [0x000000076ab00000,0x000000076c680000,0x000000076c680000)
  from space 4096K, 89% used [0x000000076c680000,0x000000076ca10b40,0x000000076ca80000)
  to   space 4096K, 0% used [0x000000076ca80000,0x000000076ca80000,0x000000076ce80000)
 ParOldGen       total 175104K, used 174705K [0x00000006c0000000, 0x00000006cab00000, 0x000000076ab00000)
  object space 175104K, 99% used [0x00000006c0000000,0x00000006caa9c7c8,0x00000006cab00000)
 Metaspace       used 18727K, capacity 19032K, committed 19456K, reserved 1067008K
  class space    used 2084K, capacity 2186K, committed 2304K, reserved 1048576K
Event: 150912.004 GC heap after
Heap after GC invocations=1032 (full 0):
 PSYoungGen      total 32256K, used 3454K [0x000000076ab00000, 0x000000076ce80000, 0x00000007c0000000)
  eden space 28160K, 0% used [0x000000076ab00000,0x000000076ab00000,0x000000076c680000)
  from space 4096K, 84% used [0x000000076ca80000,0x000000076cddfba0,0x000000076ce80000)
  to   space 4096K, 0% used [0x000000076c680000,0x000000076c680000,0x000000076ca80000)
 ParOldGen       total 175104K, used 174859K [0x00000006c0000000, 0x00000006cab00000, 0x000000076ab00000)
  object space 175104K, 99% used [0x00000006c0000000,0x00000006caac2c88,0x00000006cab00000)
 Metaspace       used 18727K, capacity 19032K, committed 19456K, reserved 1067008K
  class space    used 2084K, capacity 2186K, committed 2304K, reserved 1048576K
}
Event: 151117.494 GC heap before
{Heap before GC invocations=1033 (full 0):
 PSYoungGen      total 32256K, used 31614K [0x000000076ab00000, 0x000000076ce80000, 0x00000007c0000000)
  eden space 28160K, 100% used [0x000000076ab00000,0x000000076c680000,0x000000076c680000)
  from space 4096K, 84% used [0x000000076ca80000,0x000000076cddfba0,0x000000076ce80000)
  to   space 4096K, 0% used [0x000000076c680000,0x000000076c680000,0x000000076ca80000)
 ParOldGen       total 175104K, used 174859K [0x00000006c0000000, 0x00000006cab00000, 0x000000076ab00000)
  object space 175104K, 99% used [0x00000006c0000000,0x00000006caac2c88,0x00000006cab00000)
 Metaspace       used 18727K, capacity 19032K, committed 19456K, reserved 1067008K
  class space    used 2084K, capacity 2186K, committed 2304K, reserved 1048576K
Event: 151117.499 GC heap after
Heap after GC invocations=1033 (full 0):
 PSYoungGen      total 32256K, used 3749K [0x000000076ab00000, 0x000000076ce80000, 0x00000007c0000000)
  eden space 28160K, 0% used [0x000000076ab00000,0x000000076ab00000,0x000000076c680000)
  from space 4096K, 91% used [0x000000076c680000,0x000000076ca29420,0x000000076ca80000)
  to   space 4096K, 0% used [0x000000076ca80000,0x000000076ca80000,0x000000076ce80000)
 ParOldGen       total 175104K, used 174972K [0x00000006c0000000, 0x00000006cab00000, 0x000000076ab00000)
  object space 175104K, 99% used [0x00000006c0000000,0x00000006caadf118,0x00000006cab00000)
 Metaspace       used 18727K, capacity 19032K, committed 19456K, reserved 1067008K
  class space    used 2084K, capacity 2186K, committed 2304K, reserved 1048576K
}
Event: 151117.499 GC heap before
{Heap before GC invocations=1034 (full 1):
 PSYoungGen      total 32256K, used 3749K [0x000000076ab00000, 0x000000076ce80000, 0x00000007c0000000)
  eden space 28160K, 0% used [0x000000076ab00000,0x000000076ab00000,0x000000076c680000)
  from space 4096K, 91% used [0x000000076c680000,0x000000076ca29420,0x000000076ca80000)
  to   space 4096K, 0% used [0x000000076ca80000,0x000000076ca80000,0x000000076ce80000)
 ParOldGen       total 175104K, used 174972K [0x00000006c0000000, 0x00000006cab00000, 0x000000076ab00000)
  object space 175104K, 99% used [0x00000006c0000000,0x00000006caadf118,0x00000006cab00000)
 Metaspace       used 18727K, capacity 19032K, committed 19456K, reserved 1067008K
  class space    used 2084K, capacity 2186K, committed 2304K, reserved 1048576K
Event: 151117.592 GC heap after
Heap after GC invocations=1034 (full 1):
 PSYoungGen      total 32256K, used 0K [0x000000076ab00000, 0x000000076ce80000, 0x00000007c0000000)
  eden space 28160K, 0% used [0x000000076ab00000,0x000000076ab00000,0x000000076c680000)
  from space 4096K, 0% used [0x000000076c680000,0x000000076c680000,0x000000076ca80000)
  to   space 4096K, 0% used [0x000000076ca80000,0x000000076ca80000,0x000000076ce80000)
 ParOldGen       total 170496K, used 106368K [0x00000006c0000000, 0x00000006ca680000, 0x000000076ab00000)
  object space 170496K, 62% used [0x00000006c0000000,0x00000006c67e00d0,0x00000006ca680000)
 Metaspace       used 18697K, capacity 18984K, committed 19456K, reserved 1067008K
  class space    used 2078K, capacity 2174K, committed 2304K, reserved 1048576K
}

