# JRE version: Java(TM) SE Runtime Environment (8.0_66-b17) (build 1.8.0_66-b17)
# Java VM: Java HotSpot(TM) 64-Bit Server VM (25.66-b17 mixed mode bsd-amd64 compressed oops)
Heap:
 PSYoungGen      total 28672K, used 284K [0x000000076ab00000, 0x000000076ca80000, 0x00000007c0000000)
  eden space 25088K, 1% used [0x000000076ab00000,0x000000076ab470b0,0x000000076c380000)
  from space 3584K, 0% used [0x000000076c380000,0x000000076c380000,0x000000076c700000)
  to   space 3584K, 0% used [0x000000076c700000,0x000000076c700000,0x000000076ca80000)
 ParOldGen       total 109568K, used 47416K [0x00000006c0000000, 0x00000006c6b00000, 0x000000076ab00000)
  object space 109568K, 43% used [0x00000006c0000000,0x00000006c2e4e140,0x00000006c6b00000)
 Metaspace       used 20502K, capacity 20860K, committed 21120K, reserved 1069056K
  class space    used 2259K, capacity 2372K, committed 2432K, reserved 1048576K
GC Heap History (10 events):
Event: 275104.723 GC heap before
{Heap before GC invocations=1487 (full 1):
 PSYoungGen      total 28672K, used 28152K [0x000000076ab00000, 0x000000076ca80000, 0x00000007c0000000)
  eden space 25088K, 100% used [0x000000076ab00000,0x000000076c380000,0x000000076c380000)
  from space 3584K, 85% used [0x000000076c380000,0x000000076c67e160,0x000000076c700000)
  to   space 3584K, 0% used [0x000000076c700000,0x000000076c700000,0x000000076ca80000)
 ParOldGen       total 185344K, used 184617K [0x00000006c0000000, 0x00000006cb500000, 0x000000076ab00000)
  object space 185344K, 99% used [0x00000006c0000000,0x00000006cb44a588,0x00000006cb500000)
 Metaspace       used 20506K, capacity 20866K, committed 21120K, reserved 1069056K
  class space    used 2260K, capacity 2373K, committed 2432K, reserved 1048576K
Event: 275104.727 GC heap after
Heap after GC invocations=1487 (full 1):
 PSYoungGen      total 28672K, used 2972K [0x000000076ab00000, 0x000000076ca80000, 0x00000007c0000000)
  eden space 25088K, 0% used [0x000000076ab00000,0x000000076ab00000,0x000000076c380000)
  from space 3584K, 82% used [0x000000076c700000,0x000000076c9e70e0,0x000000076ca80000)
  to   space 3584K, 0% used [0x000000076c380000,0x000000076c380000,0x000000076c700000)
 ParOldGen       total 185344K, used 184719K [0x00000006c0000000, 0x00000006cb500000, 0x000000076ab00000)
  object space 185344K, 99% used [0x00000006c0000000,0x00000006cb463fd0,0x00000006cb500000)
 Metaspace       used 20506K, capacity 20866K, committed 21120K, reserved 1069056K
  class space    used 2260K, capacity 2373K, committed 2432K, reserved 1048576K
}
Event: 275277.906 GC heap before
{Heap before GC invocations=1488 (full 1):
 PSYoungGen      total 28672K, used 28060K [0x000000076ab00000, 0x000000076ca80000, 0x00000007c0000000)
  eden space 25088K, 100% used [0x000000076ab00000,0x000000076c380000,0x000000076c380000)
  from space 3584K, 82% used [0x000000076c700000,0x000000076c9e70e0,0x000000076ca80000)
  to   space 3584K, 0% used [0x000000076c380000,0x000000076c380000,0x000000076c700000)
 ParOldGen       total 185344K, used 184719K [0x00000006c0000000, 0x00000006cb500000, 0x000000076ab00000)
  object space 185344K, 99% used [0x00000006c0000000,0x00000006cb463fd0,0x00000006cb500000)
 Metaspace       used 20506K, capacity 20866K, committed 21120K, reserved 1069056K
  class space    used 2260K, capacity 2373K, committed 2432K, reserved 1048576K
Event: 275277.911 GC heap after
Heap after GC invocations=1488 (full 1):
 PSYoungGen      total 28672K, used 3052K [0x000000076ab00000, 0x000000076ca80000, 0x00000007c0000000)
  eden space 25088K, 0% used [0x000000076ab00000,0x000000076ab00000,0x000000076c380000)
  from space 3584K, 85% used [0x000000076c380000,0x000000076c67b090,0x000000076c700000)
  to   space 3584K, 0% used [0x000000076c700000,0x000000076c700000,0x000000076ca80000)
 ParOldGen       total 185344K, used 184816K [0x00000006c0000000, 0x00000006cb500000, 0x000000076ab00000)
  object space 185344K, 99% used [0x00000006c0000000,0x00000006cb47c000,0x00000006cb500000)
 Metaspace       used 20506K, capacity 20866K, committed 21120K, reserved 1069056K
  class space    used 2260K, capacity 2373K, committed 2432K, reserved 1048576K
}
Event: 275446.222 GC heap before
{Heap before GC invocations=1489 (full 1):
 PSYoungGen      total 28672K, used 28140K [0x000000076ab00000, 0x000000076ca80000, 0x00000007c0000000)
  eden space 25088K, 100% used [0x000000076ab00000,0x000000076c380000,0x000000076c380000)
  from space 3584K, 85% used [0x000000076c380000,0x000000076c67b090,0x000000076c700000)
  to   space 3584K, 0% used [0x000000076c700000,0x000000076c700000,0x000000076ca80000)
 ParOldGen       total 185344K, used 184816K [0x00000006c0000000, 0x00000006cb500000, 0x000000076ab00000)
  object space 185344K, 99% used [0x00000006c0000000,0x00000006cb47c000,0x00000006cb500000)
 Metaspace       used 20506K, capacity 20866K, committed 21120K, reserved 1069056K
  class space    used 2260K, capacity 2373K, committed 2432K, reserved 1048576K
Event: 275446.226 GC heap after
Heap after GC invocations=1489 (full 1):
 PSYoungGen      total 28672K, used 3113K [0x000000076ab00000, 0x000000076ca80000, 0x00000007c0000000)
  eden space 25088K, 0% used [0x000000076ab00000,0x000000076ab00000,0x000000076c380000)
  from space 3584K, 86% used [0x000000076c700000,0x000000076ca0a7d0,0x000000076ca80000)
  to   space 3584K, 0% used [0x000000076c380000,0x000000076c380000,0x000000076c700000)
 ParOldGen       total 185344K, used 184945K [0x00000006c0000000, 0x00000006cb500000, 0x000000076ab00000)
  object space 185344K, 99% used [0x00000006c0000000,0x00000006cb49c490,0x00000006cb500000)
 Metaspace       used 20506K, capacity 20866K, committed 21120K, reserved 1069056K
  class space    used 2260K, capacity 2373K, committed 2432K, reserved 1048576K
}
Event: 275624.268 GC heap before
{Heap before GC invocations=1490 (full 1):
 PSYoungGen      total 28672K, used 28201K [0x000000076ab00000, 0x000000076ca80000, 0x00000007c0000000)
  eden space 25088K, 100% used [0x000000076ab00000,0x000000076c380000,0x000000076c380000)
  from space 3584K, 86% used [0x000000076c700000,0x000000076ca0a7d0,0x000000076ca80000)
  to   space 3584K, 0% used [0x000000076c380000,0x000000076c380000,0x000000076c700000)
 ParOldGen       total 185344K, used 184945K [0x00000006c0000000, 0x00000006cb500000, 0x000000076ab00000)
  object space 185344K, 99% used [0x00000006c0000000,0x00000006cb49c490,0x00000006cb500000)
 Metaspace       used 20506K, capacity 20866K, committed 21120K, reserved 1069056K
  class space    used 2260K, capacity 2373K, committed 2432K, reserved 1048576K
Event: 275624.272 GC heap after
Heap after GC invocations=1490 (full 1):
 PSYoungGen      total 28672K, used 3147K [0x000000076ab00000, 0x000000076ca80000, 0x00000007c0000000)
  eden space 25088K, 0% used [0x000000076ab00000,0x000000076ab00000,0x000000076c380000)
  from space 3584K, 87% used [0x000000076c380000,0x000000076c692e90,0x000000076c700000)
  to   space 3584K, 0% used [0x000000076c700000,0x000000076c700000,0x000000076ca80000)
 ParOldGen       total 185344K, used 185136K [0x00000006c0000000, 0x00000006cb500000, 0x000000076ab00000)
  object space 185344K, 99% used [0x00000006c0000000,0x00000006cb4cc368,0x00000006cb500000)
 Metaspace       used 20506K, capacity 20866K, committed 21120K, reserved 1069056K
  class space    used 2260K, capacity 2373K, committed 2432K, reserved 1048576K
}
Event: 275624.272 GC heap before
{Heap before GC invocations=1491 (full 2):
 PSYoungGen      total 28672K, used 3147K [0x000000076ab00000, 0x000000076ca80000, 0x00000007c0000000)
  eden space 25088K, 0% used [0x000000076ab00000,0x000000076ab00000,0x000000076c380000)
  from space 3584K, 87% used [0x000000076c380000,0x000000076c692e90,0x000000076c700000)
  to   space 3584K, 0% used [0x000000076c700000,0x000000076c700000,0x000000076ca80000)
 ParOldGen       total 185344K, used 185136K [0x00000006c0000000, 0x00000006cb500000, 0x000000076ab00000)
  object space 185344K, 99% used [0x00000006c0000000,0x00000006cb4cc368,0x00000006cb500000)
 Metaspace       used 20506K, capacity 20866K, committed 21120K, reserved 1069056K
  class space    used 2260K, capacity 2373K, committed 2432K, reserved 1048576K
Event: 275624.326 GC heap after
Heap after GC invocations=1491 (full 2):
 PSYoungGen      total 28672K, used 0K [0x000000076ab00000, 0x000000076ca80000, 0x00000007c0000000)
  eden space 25088K, 0% used [0x000000076ab00000,0x000000076ab00000,0x000000076c380000)
  from space 3584K, 0% used [0x000000076c380000,0x000000076c380000,0x000000076c700000)
  to   space 3584K, 0% used [0x000000076c700000,0x000000076c700000,0x000000076ca80000)
 ParOldGen       total 109568K, used 47416K [0x00000006c0000000, 0x00000006c6b00000, 0x000000076ab00000)
  object space 109568K, 43% used [0x00000006c0000000,0x00000006c2e4e140,0x00000006c6b00000)
 Metaspace       used 20502K, capacity 20860K, committed 21120K, reserved 1069056K
  class space    used 2259K, capacity 2372K, committed 2432K, reserved 1048576K
}

