# JRE version: Java(TM) SE Runtime Environment (8.0_66-b17) (build 1.8.0_66-b17)
# Java VM: Java HotSpot(TM) 64-Bit Server VM (25.66-b17 mixed mode bsd-amd64 compressed oops)
Heap:
 PSYoungGen      total 31744K, used 421K [0x000000076ab00000, 0x000000076ce00000, 0x00000007c0000000)
  eden space 27648K, 1% used [0x000000076ab00000,0x000000076ab694e0,0x000000076c600000)
  from space 4096K, 0% used [0x000000076ca00000,0x000000076ca00000,0x000000076ce00000)
  to   space 4096K, 0% used [0x000000076c600000,0x000000076c600000,0x000000076ca00000)
 ParOldGen       total 169472K, used 105155K [0x00000006c0000000, 0x00000006ca580000, 0x000000076ab00000)
  object space 169472K, 62% used [0x00000006c0000000,0x00000006c66b0c08,0x00000006ca580000)
 Metaspace       used 18616K, capacity 18908K, committed 19072K, reserved 1067008K
  class space    used 2074K, capacity 2148K, committed 2176K, reserved 1048576K
GC Heap History (10 events):
Event: 139147.210 GC heap before
{Heap before GC invocations=1007 (full 0):
 PSYoungGen      total 31232K, used 30973K [0x000000076ab00000, 0x000000076cd80000, 0x00000007c0000000)
  eden space 27648K, 100% used [0x000000076ab00000,0x000000076c600000,0x000000076c600000)
  from space 3584K, 92% used [0x000000076ca00000,0x000000076cd3f780,0x000000076cd80000)
  to   space 3584K, 0% used [0x000000076c680000,0x000000076c680000,0x000000076ca00000)
 ParOldGen       total 175104K, used 173675K [0x00000006c0000000, 0x00000006cab00000, 0x000000076ab00000)
  object space 175104K, 99% used [0x00000006c0000000,0x00000006ca99af50,0x00000006cab00000)
 Metaspace       used 18650K, capacity 18962K, committed 19072K, reserved 1067008K
  class space    used 2081K, capacity 2161K, committed 2176K, reserved 1048576K
Event: 139147.214 GC heap after
Heap after GC invocations=1007 (full 0):
 PSYoungGen      total 31232K, used 3404K [0x000000076ab00000, 0x000000076cd00000, 0x00000007c0000000)
  eden space 27648K, 0% used [0x000000076ab00000,0x000000076ab00000,0x000000076c600000)
  from space 3584K, 94% used [0x000000076c680000,0x000000076c9d32b0,0x000000076ca00000)
  to   space 3072K, 0% used [0x000000076ca00000,0x000000076ca00000,0x000000076cd00000)
 ParOldGen       total 175104K, used 173764K [0x00000006c0000000, 0x00000006cab00000, 0x000000076ab00000)
  object space 175104K, 99% used [0x00000006c0000000,0x00000006ca9b13b0,0x00000006cab00000)
 Metaspace       used 18650K, capacity 18962K, committed 19072K, reserved 1067008K
  class space    used 2081K, capacity 2161K, committed 2176K, reserved 1048576K
}
Event: 139329.776 GC heap before
{Heap before GC invocations=1008 (full 0):
 PSYoungGen      total 31232K, used 31052K [0x000000076ab00000, 0x000000076cd00000, 0x00000007c0000000)
  eden space 27648K, 100% used [0x000000076ab00000,0x000000076c600000,0x000000076c600000)
  from space 3584K, 94% used [0x000000076c680000,0x000000076c9d32b0,0x000000076ca00000)
  to   space 3072K, 0% used [0x000000076ca00000,0x000000076ca00000,0x000000076cd00000)
 ParOldGen       total 175104K, used 173764K [0x00000006c0000000, 0x00000006cab00000, 0x000000076ab00000)
  object space 175104K, 99% used [0x00000006c0000000,0x00000006ca9b13b0,0x00000006cab00000)
 Metaspace       used 18650K, capacity 18962K, committed 19072K, reserved 1067008K
  class space    used 2081K, capacity 2161K, committed 2176K, reserved 1048576K
Event: 139329.781 GC heap after
Heap after GC invocations=1008 (full 0):
 PSYoungGen      total 30720K, used 3068K [0x000000076ab00000, 0x000000076ce00000, 0x00000007c0000000)
  eden space 27648K, 0% used [0x000000076ab00000,0x000000076ab00000,0x000000076c600000)
  from space 3072K, 99% used [0x000000076ca00000,0x000000076ccff360,0x000000076cd00000)
  to   space 4096K, 0% used [0x000000076c600000,0x000000076c600000,0x000000076ca00000)
 ParOldGen       total 175104K, used 174215K [0x00000006c0000000, 0x00000006cab00000, 0x000000076ab00000)
  object space 175104K, 99% used [0x00000006c0000000,0x00000006caa21df0,0x00000006cab00000)
 Metaspace       used 18650K, capacity 18962K, committed 19072K, reserved 1067008K
  class space    used 2081K, capacity 2161K, committed 2176K, reserved 1048576K
}
Event: 139514.680 GC heap before
{Heap before GC invocations=1009 (full 0):
 PSYoungGen      total 30720K, used 30716K [0x000000076ab00000, 0x000000076ce00000, 0x00000007c0000000)
  eden space 27648K, 100% used [0x000000076ab00000,0x000000076c600000,0x000000076c600000)
  from space 3072K, 99% used [0x000000076ca00000,0x000000076ccff360,0x000000076cd00000)
  to   space 4096K, 0% used [0x000000076c600000,0x000000076c600000,0x000000076ca00000)
 ParOldGen       total 175104K, used 174215K [0x00000006c0000000, 0x00000006cab00000, 0x000000076ab00000)
  object space 175104K, 99% used [0x00000006c0000000,0x00000006caa21df0,0x00000006cab00000)
 Metaspace       used 18650K, capacity 18962K, committed 19072K, reserved 1067008K
  class space    used 2081K, capacity 2161K, committed 2176K, reserved 1048576K
Event: 139514.685 GC heap after
Heap after GC invocations=1009 (full 0):
 PSYoungGen      total 31744K, used 3339K [0x000000076ab00000, 0x000000076ce00000, 0x00000007c0000000)
  eden space 27648K, 0% used [0x000000076ab00000,0x000000076ab00000,0x000000076c600000)
  from space 4096K, 81% used [0x000000076c600000,0x000000076c942e70,0x000000076ca00000)
  to   space 4096K, 0% used [0x000000076ca00000,0x000000076ca00000,0x000000076ce00000)
 ParOldGen       total 175104K, used 174574K [0x00000006c0000000, 0x00000006cab00000, 0x000000076ab00000)
  object space 175104K, 99% used [0x00000006c0000000,0x00000006caa7bbd0,0x00000006cab00000)
 Metaspace       used 18650K, capacity 18962K, committed 19072K, reserved 1067008K
  class space    used 2081K, capacity 2161K, committed 2176K, reserved 1048576K
}
Event: 139704.741 GC heap before
{Heap before GC invocations=1010 (full 0):
 PSYoungGen      total 31744K, used 30987K [0x000000076ab00000, 0x000000076ce00000, 0x00000007c0000000)
  eden space 27648K, 100% used [0x000000076ab00000,0x000000076c600000,0x000000076c600000)
  from space 4096K, 81% used [0x000000076c600000,0x000000076c942e70,0x000000076ca00000)
  to   space 4096K, 0% used [0x000000076ca00000,0x000000076ca00000,0x000000076ce00000)
 ParOldGen       total 175104K, used 174574K [0x00000006c0000000, 0x00000006cab00000, 0x000000076ab00000)
  object space 175104K, 99% used [0x00000006c0000000,0x00000006caa7bbd0,0x00000006cab00000)
 Metaspace       used 18650K, capacity 18962K, committed 19072K, reserved 1067008K
  class space    used 2081K, capacity 2161K, committed 2176K, reserved 1048576K
Event: 139704.746 GC heap after
Heap after GC invocations=1010 (full 0):
 PSYoungGen      total 31744K, used 3422K [0x000000076ab00000, 0x000000076ce00000, 0x00000007c0000000)
  eden space 27648K, 0% used [0x000000076ab00000,0x000000076ab00000,0x000000076c600000)
  from space 4096K, 83% used [0x000000076ca00000,0x000000076cd57be0,0x000000076ce00000)
  to   space 4096K, 0% used [0x000000076c600000,0x000000076c600000,0x000000076ca00000)
 ParOldGen       total 175104K, used 174656K [0x00000006c0000000, 0x00000006cab00000, 0x000000076ab00000)
  object space 175104K, 99% used [0x00000006c0000000,0x00000006caa90030,0x00000006cab00000)
 Metaspace       used 18650K, capacity 18962K, committed 19072K, reserved 1067008K
  class space    used 2081K, capacity 2161K, committed 2176K, reserved 1048576K
}
Event: 139704.746 GC heap before
{Heap before GC invocations=1011 (full 1):
 PSYoungGen      total 31744K, used 3422K [0x000000076ab00000, 0x000000076ce00000, 0x00000007c0000000)
  eden space 27648K, 0% used [0x000000076ab00000,0x000000076ab00000,0x000000076c600000)
  from space 4096K, 83% used [0x000000076ca00000,0x000000076cd57be0,0x000000076ce00000)
  to   space 4096K, 0% used [0x000000076c600000,0x000000076c600000,0x000000076ca00000)
 ParOldGen       total 175104K, used 174656K [0x00000006c0000000, 0x00000006cab00000, 0x000000076ab00000)
  object space 175104K, 99% used [0x00000006c0000000,0x00000006caa90030,0x00000006cab00000)
 Metaspace       used 18650K, capacity 18962K, committed 19072K, reserved 1067008K
  class space    used 2081K, capacity 2161K, committed 2176K, reserved 1048576K
Event: 139704.831 GC heap after
Heap after GC invocations=1011 (full 1):
 PSYoungGen      total 31744K, used 0K [0x000000076ab00000, 0x000000076ce00000, 0x00000007c0000000)
  eden space 27648K, 0% used [0x000000076ab00000,0x000000076ab00000,0x000000076c600000)
  from space 4096K, 0% used [0x000000076ca00000,0x000000076ca00000,0x000000076ce00000)
  to   space 4096K, 0% used [0x000000076c600000,0x000000076c600000,0x000000076ca00000)
 ParOldGen       total 169472K, used 105155K [0x00000006c0000000, 0x00000006ca580000, 0x000000076ab00000)
  object space 169472K, 62% used [0x00000006c0000000,0x00000006c66b0c08,0x00000006ca580000)
 Metaspace       used 18616K, capacity 18908K, committed 19072K, reserved 1067008K
  class space    used 2074K, capacity 2148K, committed 2176K, reserved 1048576K
}

