# JRE version: Java(TM) SE Runtime Environment (8.0_51-b16) (build 1.8.0_51-b16)
# Java VM: Java HotSpot(TM) 64-Bit Server VM (25.51-b03 mixed mode bsd-amd64 compressed oops)
Heap:
 PSYoungGen      total 27136K, used 414K [0x000000076ab00000, 0x000000076cb80000, 0x00000007c0000000)
  eden space 22016K, 1% used [0x000000076ab00000,0x000000076ab67908,0x000000076c080000)
  from space 5120K, 0% used [0x000000076c080000,0x000000076c080000,0x000000076c580000)
  to   space 5632K, 0% used [0x000000076c600000,0x000000076c600000,0x000000076cb80000)
 ParOldGen       total 105472K, used 42704K [0x00000006c0000000, 0x00000006c6700000, 0x000000076ab00000)
  object space 105472K, 40% used [0x00000006c0000000,0x00000006c29b40b8,0x00000006c6700000)
 Metaspace       used 22164K, capacity 22502K, committed 22960K, reserved 1069056K
  class space    used 2445K, capacity 2531K, committed 2560K, reserved 1048576K
GC Heap History (10 events):
Event: 101581.947 GC heap before
{Heap before GC invocations=772 (full 2):
 PSYoungGen      total 27136K, used 26663K [0x000000076ab00000, 0x000000076c900000, 0x00000007c0000000)
  eden space 23552K, 100% used [0x000000076ab00000,0x000000076c200000,0x000000076c200000)
  from space 3584K, 86% used [0x000000076c200000,0x000000076c509f30,0x000000076c580000)
  to   space 3584K, 0% used [0x000000076c580000,0x000000076c580000,0x000000076c900000)
 ParOldGen       total 122368K, used 109725K [0x00000006c0000000, 0x00000006c7780000, 0x000000076ab00000)
  object space 122368K, 89% used [0x00000006c0000000,0x00000006c6b27790,0x00000006c7780000)
 Metaspace       used 21784K, capacity 22092K, committed 22448K, reserved 1069056K
  class space    used 2395K, capacity 2500K, committed 2560K, reserved 1048576K
Event: 101581.949 GC heap after
Heap after GC invocations=772 (full 2):
 PSYoungGen      total 27136K, used 2639K [0x000000076ab00000, 0x000000076c900000, 0x00000007c0000000)
  eden space 23552K, 0% used [0x000000076ab00000,0x000000076ab00000,0x000000076c200000)
  from space 3584K, 73% used [0x000000076c580000,0x000000076c813c00,0x000000076c900000)
  to   space 3584K, 0% used [0x000000076c200000,0x000000076c200000,0x000000076c580000)
 ParOldGen       total 122368K, used 109839K [0x00000006c0000000, 0x00000006c7780000, 0x000000076ab00000)
  object space 122368K, 89% used [0x00000006c0000000,0x00000006c6b43c20,0x00000006c7780000)
 Metaspace       used 21784K, capacity 22092K, committed 22448K, reserved 1069056K
  class space    used 2395K, capacity 2500K, committed 2560K, reserved 1048576K
}
Event: 101692.980 GC heap before
{Heap before GC invocations=773 (full 2):
 PSYoungGen      total 27136K, used 26191K [0x000000076ab00000, 0x000000076c900000, 0x00000007c0000000)
  eden space 23552K, 100% used [0x000000076ab00000,0x000000076c200000,0x000000076c200000)
  from space 3584K, 73% used [0x000000076c580000,0x000000076c813c00,0x000000076c900000)
  to   space 3584K, 0% used [0x000000076c200000,0x000000076c200000,0x000000076c580000)
 ParOldGen       total 122368K, used 109839K [0x00000006c0000000, 0x00000006c7780000, 0x000000076ab00000)
  object space 122368K, 89% used [0x00000006c0000000,0x00000006c6b43c20,0x00000006c7780000)
 Metaspace       used 21784K, capacity 22092K, committed 22448K, reserved 1069056K
  class space    used 2395K, capacity 2500K, committed 2560K, reserved 1048576K
Event: 101692.983 GC heap after
Heap after GC invocations=773 (full 2):
 PSYoungGen      total 27136K, used 3175K [0x000000076ab00000, 0x000000076c900000, 0x00000007c0000000)
  eden space 23552K, 0% used [0x000000076ab00000,0x000000076ab00000,0x000000076c200000)
  from space 3584K, 88% used [0x000000076c200000,0x000000076c519d70,0x000000076c580000)
  to   space 3584K, 0% used [0x000000076c580000,0x000000076c580000,0x000000076c900000)
 ParOldGen       total 122368K, used 109928K [0x00000006c0000000, 0x00000006c7780000, 0x000000076ab00000)
  object space 122368K, 89% used [0x00000006c0000000,0x00000006c6b5a090,0x00000006c7780000)
 Metaspace       used 21784K, capacity 22092K, committed 22448K, reserved 1069056K
  class space    used 2395K, capacity 2500K, committed 2560K, reserved 1048576K
}
Event: 101786.037 GC heap before
{Heap before GC invocations=774 (full 2):
 PSYoungGen      total 27136K, used 26727K [0x000000076ab00000, 0x000000076c900000, 0x00000007c0000000)
  eden space 23552K, 100% used [0x000000076ab00000,0x000000076c200000,0x000000076c200000)
  from space 3584K, 88% used [0x000000076c200000,0x000000076c519d70,0x000000076c580000)
  to   space 3584K, 0% used [0x000000076c580000,0x000000076c580000,0x000000076c900000)
 ParOldGen       total 122368K, used 109928K [0x00000006c0000000, 0x00000006c7780000, 0x000000076ab00000)
  object space 122368K, 89% used [0x00000006c0000000,0x00000006c6b5a090,0x00000006c7780000)
 Metaspace       used 21812K, capacity 22156K, committed 22448K, reserved 1069056K
  class space    used 2395K, capacity 2500K, committed 2560K, reserved 1048576K
Event: 101786.042 GC heap after
Heap after GC invocations=774 (full 2):
 PSYoungGen      total 25600K, used 3574K [0x000000076ab00000, 0x000000076cc00000, 0x00000007c0000000)
  eden space 22016K, 0% used [0x000000076ab00000,0x000000076ab00000,0x000000076c080000)
  from space 3584K, 99% used [0x000000076c580000,0x000000076c8fdbc8,0x000000076c900000)
  to   space 5120K, 0% used [0x000000076c080000,0x000000076c080000,0x000000076c580000)
 ParOldGen       total 122368K, used 113944K [0x00000006c0000000, 0x00000006c7780000, 0x000000076ab00000)
  object space 122368K, 93% used [0x00000006c0000000,0x00000006c6f46138,0x00000006c7780000)
 Metaspace       used 21812K, capacity 22156K, committed 22448K, reserved 1069056K
  class space    used 2395K, capacity 2500K, committed 2560K, reserved 1048576K
}
Event: 101881.526 GC heap before
{Heap before GC invocations=775 (full 2):
 PSYoungGen      total 25600K, used 25590K [0x000000076ab00000, 0x000000076cc00000, 0x00000007c0000000)
  eden space 22016K, 100% used [0x000000076ab00000,0x000000076c080000,0x000000076c080000)
  from space 3584K, 99% used [0x000000076c580000,0x000000076c8fdbc8,0x000000076c900000)
  to   space 5120K, 0% used [0x000000076c080000,0x000000076c080000,0x000000076c580000)
 ParOldGen       total 122368K, used 113944K [0x00000006c0000000, 0x00000006c7780000, 0x000000076ab00000)
  object space 122368K, 93% used [0x00000006c0000000,0x00000006c6f46138,0x00000006c7780000)
 Metaspace       used 22167K, capacity 22508K, committed 22960K, reserved 1069056K
  class space    used 2445K, capacity 2532K, committed 2560K, reserved 1048576K
Event: 101881.533 GC heap after
Heap after GC invocations=775 (full 2):
 PSYoungGen      total 27136K, used 4643K [0x000000076ab00000, 0x000000076cb80000, 0x00000007c0000000)
  eden space 22016K, 0% used [0x000000076ab00000,0x000000076ab00000,0x000000076c080000)
  from space 5120K, 90% used [0x000000076c080000,0x000000076c508fb0,0x000000076c580000)
  to   space 5632K, 0% used [0x000000076c600000,0x000000076c600000,0x000000076cb80000)
 ParOldGen       total 122368K, used 119115K [0x00000006c0000000, 0x00000006c7780000, 0x000000076ab00000)
  object space 122368K, 97% used [0x00000006c0000000,0x00000006c7452d78,0x00000006c7780000)
 Metaspace       used 22167K, capacity 22508K, committed 22960K, reserved 1069056K
  class space    used 2445K, capacity 2532K, committed 2560K, reserved 1048576K
}
Event: 101881.533 GC heap before
{Heap before GC invocations=776 (full 3):
 PSYoungGen      total 27136K, used 4643K [0x000000076ab00000, 0x000000076cb80000, 0x00000007c0000000)
  eden space 22016K, 0% used [0x000000076ab00000,0x000000076ab00000,0x000000076c080000)
  from space 5120K, 90% used [0x000000076c080000,0x000000076c508fb0,0x000000076c580000)
  to   space 5632K, 0% used [0x000000076c600000,0x000000076c600000,0x000000076cb80000)
 ParOldGen       total 122368K, used 119115K [0x00000006c0000000, 0x00000006c7780000, 0x000000076ab00000)
  object space 122368K, 97% used [0x00000006c0000000,0x00000006c7452d78,0x00000006c7780000)
 Metaspace       used 22167K, capacity 22508K, committed 22960K, reserved 1069056K
  class space    used 2445K, capacity 2532K, committed 2560K, reserved 1048576K
Event: 101881.682 GC heap after
Heap after GC invocations=776 (full 3):
 PSYoungGen      total 27136K, used 0K [0x000000076ab00000, 0x000000076cb80000, 0x00000007c0000000)
  eden space 22016K, 0% used [0x000000076ab00000,0x000000076ab00000,0x000000076c080000)
  from space 5120K, 0% used [0x000000076c080000,0x000000076c080000,0x000000076c580000)
  to   space 5632K, 0% used [0x000000076c600000,0x000000076c600000,0x000000076cb80000)
 ParOldGen       total 105472K, used 42704K [0x00000006c0000000, 0x00000006c6700000, 0x000000076ab00000)
  object space 105472K, 40% used [0x00000006c0000000,0x00000006c29b40b8,0x00000006c6700000)
 Metaspace       used 22163K, capacity 22502K, committed 22960K, reserved 1069056K
  class space    used 2445K, capacity 2531K, committed 2560K, reserved 1048576K
}

